::1 - - [27/Jun/2017:13:09:52 +0000] "GET / HTTP/1.1" 200 1197
::1 - - [27/Jun/2017:13:10:30 +0000] "GET /new HTTP/1.1" 200 703
::1 - - [27/Jun/2017:13:10:45 +0000] "POST /new HTTP/1.1" 302 46
::1 - - [27/Jun/2017:13:10:45 +0000] "GET / HTTP/1.1" 200 1494
::1 - - [30/Jun/2017:10:43:14 +0000] "GET / HTTP/1.1" 200 1494
::1 - - [30/Jun/2017:10:44:46 +0000] "GET /594aaa264d08d02cbc6b61f2 HTTP/1.1" 200 541
::1 - - [30/Jun/2017:10:46:36 +0000] "GET / HTTP/1.1" 304 -
::ffff:127.0.0.1 - - [04/Jul/2017:11:42:16 +0000] "GET /about HTTP/1.1" - -
::ffff:127.0.0.1 - - [04/Jul/2017:11:42:18 +0000] "GET /about HTTP/1.1" - -
::1 - - [04/Jul/2017:11:42:18 +0000] "GET / HTTP/1.1" 200 1793
::1 - - [04/Jul/2017:11:58:01 +0000] "GET / HTTP/1.1" 304 -
::1 - - [04/Jul/2017:11:58:04 +0000] "GET / HTTP/1.1" 304 -
::1 - - [04/Jul/2017:11:59:51 +0000] "GET / HTTP/1.1" 304 -
::1 - - [04/Jul/2017:12:03:12 +0000] "GET / HTTP/1.1" 304 -
::1 - - [04/Jul/2017:12:03:12 +0000] "GET /new HTTP/1.1" 200 703
::1 - - [04/Jul/2017:12:03:28 +0000] "POST /new HTTP/1.1" 302 46
::1 - - [04/Jul/2017:12:03:28 +0000] "GET / HTTP/1.1" 200 2083
::1 - - [04/Jul/2017:12:06:35 +0000] "GET /594aaa264d08d02cbc6b61f2 HTTP/1.1" 200 541
::1 - - [04/Jul/2017:12:06:50 +0000] "GET /594aaa264d08d02cbc6b61f2 HTTP/1.1" 304 -
::1 - - [04/Jul/2017:12:07:24 +0000] "GET /594aaa264d08d02cbc6b61f2 HTTP/1.1" 304 -
::1 - - [04/Jul/2017:12:07:27 +0000] "GET /594aaa264d08d02cbc6b61f2 HTTP/1.1" 200 441
::1 - - [04/Jul/2017:12:07:28 +0000] "GET /594aaa264d08d02cbc6b61f2 HTTP/1.1" 304 -
::1 - - [04/Jul/2017:12:08:10 +0000] "GET /594aaa264d08d02cbc6b61f2 HTTP/1.1" 304 -
::1 - - [04/Jul/2017:12:08:12 +0000] "GET /594aaa264d08d02cbc6b61f2 HTTP/1.1" 200 541
::1 - - [04/Jul/2017:12:08:29 +0000] "GET /594aaa264d08d02cbc6b61f2 HTTP/1.1" 304 -
::1 - - [04/Jul/2017:12:10:21 +0000] "POST /594aaa264d08d02cbc6b61f2/delete HTTP/1.1" 302 46
::1 - - [04/Jul/2017:12:10:21 +0000] "GET / HTTP/1.1" 200 1785
::1 - - [04/Jul/2017:12:10:24 +0000] "GET /595b84100ae8561db8b1ece3 HTTP/1.1" 200 532
::1 - - [04/Jul/2017:12:10:26 +0000] "POST /595b84100ae8561db8b1ece3/delete HTTP/1.1" 302 46
::1 - - [04/Jul/2017:12:10:26 +0000] "GET / HTTP/1.1" 200 1495
::1 - - [04/Jul/2017:12:11:08 +0000] "GET / HTTP/1.1" 304 -
::1 - - [04/Jul/2017:12:11:11 +0000] "GET /5956400bb5ed221f68277cf6 HTTP/1.1" 200 539
::1 - - [04/Jul/2017:12:11:16 +0000] "POST /5956400bb5ed221f68277cf6/delete HTTP/1.1" 302 46
::1 - - [04/Jul/2017:12:11:16 +0000] "GET / HTTP/1.1" 200 1198
::1 - - [04/Jul/2017:12:11:25 +0000] "GET /59525955c758fa270c84a422 HTTP/1.1" 200 539
::1 - - [04/Jul/2017:12:11:26 +0000] "POST /59525955c758fa270c84a422/delete HTTP/1.1" 302 46
::1 - - [04/Jul/2017:12:11:26 +0000] "GET / HTTP/1.1" 200 901
::1 - - [04/Jul/2017:12:13:18 +0000] "GET /new HTTP/1.1" 200 703
::1 - - [04/Jul/2017:12:13:43 +0000] "POST /new HTTP/1.1" 302 46
::1 - - [04/Jul/2017:12:13:43 +0000] "GET / HTTP/1.1" 200 1187
::1 - - [04/Jul/2017:12:15:19 +0000] "GET / HTTP/1.1" 304 -
::1 - - [04/Jul/2017:12:15:25 +0000] "GET /5957ad4617430c2120caca65 HTTP/1.1" 200 547
::1 - - [04/Jul/2017:12:15:26 +0000] "GET /5957ad4617430c2120caca65/update HTTP/1.1" 200 748
::1 - - [04/Jul/2017:12:15:51 +0000] "POST /5957ad4617430c2120caca65/update HTTP/1.1" 302 94
::1 - - [04/Jul/2017:12:15:51 +0000] "GET /5957ad4617430c2120caca65 HTTP/1.1" 200 558
::1 - - [04/Jul/2017:12:21:47 +0000] "GET /5957ad4617430c2120caca65 HTTP/1.1" 304 -
::1 - - [04/Jul/2017:12:21:50 +0000] "GET / HTTP/1.1" 200 1198
::1 - - [04/Jul/2017:12:21:51 +0000] "GET /5957ad4617430c2120caca65 HTTP/1.1" 304 -
::1 - - [04/Jul/2017:12:21:53 +0000] "GET /5957ad4617430c2120caca65/update HTTP/1.1" 200 759
::1 - - [04/Jul/2017:12:21:55 +0000] "POST /5957ad4617430c2120caca65/update HTTP/1.1" 302 94
::1 - - [04/Jul/2017:12:21:55 +0000] "GET /5957ad4617430c2120caca65 HTTP/1.1" 200 548
::1 - - [04/Jul/2017:12:22:00 +0000] "GET /5957ad4617430c2120caca65/update HTTP/1.1" 200 749
::1 - - [04/Jul/2017:12:22:02 +0000] "POST /5957ad4617430c2120caca65/update HTTP/1.1" 302 94
::1 - - [04/Jul/2017:12:22:02 +0000] "GET /5957ad4617430c2120caca65 HTTP/1.1" 200 550
::1 - - [04/Jul/2017:12:22:07 +0000] "GET / HTTP/1.1" 200 1190
::1 - - [04/Jul/2017:12:22:10 +0000] "GET /5957ad4617430c2120caca65 HTTP/1.1" 304 -
::1 - - [04/Jul/2017:12:22:12 +0000] "GET /5957ad4617430c2120caca65/update HTTP/1.1" 200 751
::1 - - [04/Jul/2017:12:22:17 +0000] "POST /5957ad4617430c2120caca65/update HTTP/1.1" 302 94
::1 - - [04/Jul/2017:12:22:17 +0000] "GET /5957ad4617430c2120caca65 HTTP/1.1" 200 561
::1 - - [04/Jul/2017:12:22:29 +0000] "GET /5957ad4617430c2120caca65 HTTP/1.1" 304 -
