::1 - - [21/Jun/2017:17:40:08 +0000] "GET / HTTP/1.1" 304 - "-" "Mozilla/5.0 (Windows NT 10.0; Win64; x64) AppleWebKit/537.36 (KHTML, like Gecko) Chrome/58.0.3029.110 Safari/537.36 OPR/45.0.2552.898"
::1 - - [21/Jun/2017:17:40:13 +0000] "GET /favicon.ico HTTP/1.1" - - "http://localhost:3000/" "Mozilla/5.0 (Windows NT 10.0; Win64; x64) AppleWebKit/537.36 (KHTML, like Gecko) Chrome/58.0.3029.110 Safari/537.36 OPR/45.0.2552.898"
::1 - - [21/Jun/2017:17:40:43 +0000] "GET / HTTP/1.1" 200 894 "-" "Mozilla/5.0 (Windows NT 10.0; Win64; x64) AppleWebKit/537.36 (KHTML, like Gecko) Chrome/58.0.3029.110 Safari/537.36 OPR/45.0.2552.898"
::1 - - [21/Jun/2017:17:40:43 +0000] "GET /favicon.ico HTTP/1.1" - - "http://localhost:3000/" "Mozilla/5.0 (Windows NT 10.0; Win64; x64) AppleWebKit/537.36 (KHTML, like Gecko) Chrome/58.0.3029.110 Safari/537.36 OPR/45.0.2552.898"
::1 - - [21/Jun/2017:17:40:48 +0000] "GET /favicon.ico HTTP/1.1" - - "http://localhost:3000/" "Mozilla/5.0 (Windows NT 10.0; Win64; x64) AppleWebKit/537.36 (KHTML, like Gecko) Chrome/58.0.3029.110 Safari/537.36 OPR/45.0.2552.898"
::1 - - [22/Jun/2017:07:57:09 +0000] "GET / HTTP/1.1" 304 - "-" "Mozilla/5.0 (Windows NT 10.0; Win64; x64) AppleWebKit/537.36 (KHTML, like Gecko) Chrome/58.0.3029.110 Safari/537.36 OPR/45.0.2552.898"
::1 - - [22/Jun/2017:07:57:14 +0000] "GET /favicon.ico HTTP/1.1" - - "http://localhost:3000/" "Mozilla/5.0 (Windows NT 10.0; Win64; x64) AppleWebKit/537.36 (KHTML, like Gecko) Chrome/58.0.3029.110 Safari/537.36 OPR/45.0.2552.898"
::1 - - [22/Jun/2017:07:59:01 +0000] "GET /new HTTP/1.1" 200 703 "http://localhost:3000/" "Mozilla/5.0 (Windows NT 10.0; Win64; x64) AppleWebKit/537.36 (KHTML, like Gecko) Chrome/58.0.3029.110 Safari/537.36 OPR/45.0.2552.898"
::1 - - [22/Jun/2017:07:59:01 +0000] "GET /favicon.ico HTTP/1.1" - - "http://localhost:3000/" "Mozilla/5.0 (Windows NT 10.0; Win64; x64) AppleWebKit/537.36 (KHTML, like Gecko) Chrome/58.0.3029.110 Safari/537.36 OPR/45.0.2552.898"
::1 - - [22/Jun/2017:07:59:06 +0000] "GET /favicon.ico HTTP/1.1" - - "http://localhost:3000/new" "Mozilla/5.0 (Windows NT 10.0; Win64; x64) AppleWebKit/537.36 (KHTML, like Gecko) Chrome/58.0.3029.110 Safari/537.36 OPR/45.0.2552.898"
::1 - - [22/Jun/2017:07:59:18 +0000] "POST /new HTTP/1.1" 302 46 "http://localhost:3000/new" "Mozilla/5.0 (Windows NT 10.0; Win64; x64) AppleWebKit/537.36 (KHTML, like Gecko) Chrome/58.0.3029.110 Safari/537.36 OPR/45.0.2552.898"
::1 - - [22/Jun/2017:07:59:18 +0000] "GET / HTTP/1.1" 200 1196 "http://localhost:3000/new" "Mozilla/5.0 (Windows NT 10.0; Win64; x64) AppleWebKit/537.36 (KHTML, like Gecko) Chrome/58.0.3029.110 Safari/537.36 OPR/45.0.2552.898"
::1 - - [22/Jun/2017:07:59:18 +0000] "GET /favicon.ico HTTP/1.1" - - "http://localhost:3000/new" "Mozilla/5.0 (Windows NT 10.0; Win64; x64) AppleWebKit/537.36 (KHTML, like Gecko) Chrome/58.0.3029.110 Safari/537.36 OPR/45.0.2552.898"
::1 - - [22/Jun/2017:07:59:21 +0000] "GET /594b78d65f429e16a8db2ca2 HTTP/1.1" 200 545 "http://localhost:3000/" "Mozilla/5.0 (Windows NT 10.0; Win64; x64) AppleWebKit/537.36 (KHTML, like Gecko) Chrome/58.0.3029.110 Safari/537.36 OPR/45.0.2552.898"
::1 - - [22/Jun/2017:07:59:21 +0000] "GET /favicon.ico HTTP/1.1" - - "http://localhost:3000/" "Mozilla/5.0 (Windows NT 10.0; Win64; x64) AppleWebKit/537.36 (KHTML, like Gecko) Chrome/58.0.3029.110 Safari/537.36 OPR/45.0.2552.898"
::1 - - [22/Jun/2017:07:59:22 +0000] "GET /594b78d65f429e16a8db2ca2/update HTTP/1.1" 200 745 "http://localhost:3000/594b78d65f429e16a8db2ca2" "Mozilla/5.0 (Windows NT 10.0; Win64; x64) AppleWebKit/537.36 (KHTML, like Gecko) Chrome/58.0.3029.110 Safari/537.36 OPR/45.0.2552.898"
::1 - - [22/Jun/2017:07:59:22 +0000] "GET /favicon.ico HTTP/1.1" - - "http://localhost:3000/594b78d65f429e16a8db2ca2" "Mozilla/5.0 (Windows NT 10.0; Win64; x64) AppleWebKit/537.36 (KHTML, like Gecko) Chrome/58.0.3029.110 Safari/537.36 OPR/45.0.2552.898"
::1 - - [22/Jun/2017:07:59:26 +0000] "POST /594b78d65f429e16a8db2ca2/update HTTP/1.1" 302 94 "http://localhost:3000/594b78d65f429e16a8db2ca2/update" "Mozilla/5.0 (Windows NT 10.0; Win64; x64) AppleWebKit/537.36 (KHTML, like Gecko) Chrome/58.0.3029.110 Safari/537.36 OPR/45.0.2552.898"
::1 - - [22/Jun/2017:07:59:26 +0000] "GET /594b78d65f429e16a8db2ca2 HTTP/1.1" 200 546 "http://localhost:3000/594b78d65f429e16a8db2ca2/update" "Mozilla/5.0 (Windows NT 10.0; Win64; x64) AppleWebKit/537.36 (KHTML, like Gecko) Chrome/58.0.3029.110 Safari/537.36 OPR/45.0.2552.898"
::1 - - [22/Jun/2017:07:59:26 +0000] "GET /favicon.ico HTTP/1.1" - - "http://localhost:3000/594b78d65f429e16a8db2ca2/update" "Mozilla/5.0 (Windows NT 10.0; Win64; x64) AppleWebKit/537.36 (KHTML, like Gecko) Chrome/58.0.3029.110 Safari/537.36 OPR/45.0.2552.898"
::1 - - [22/Jun/2017:07:59:31 +0000] "GET /favicon.ico HTTP/1.1" - - "http://localhost:3000/594b78d65f429e16a8db2ca2" "Mozilla/5.0 (Windows NT 10.0; Win64; x64) AppleWebKit/537.36 (KHTML, like Gecko) Chrome/58.0.3029.110 Safari/537.36 OPR/45.0.2552.898"
::1 - - [22/Jun/2017:08:01:31 +0000] "GET /favicon.ico HTTP/1.1" - - "http://localhost:3000/594b78d65f429e16a8db2ca2" "Mozilla/5.0 (Windows NT 10.0; Win64; x64) AppleWebKit/537.36 (KHTML, like Gecko) Chrome/58.0.3029.110 Safari/537.36 OPR/45.0.2552.898"
